Can't find "mudos", ignoring old binaries.
Try invoking the driver using the full pathname.
System Error: init_addr_server: connect: 由于目标计算机积极拒绝，无法连接。


Loading preloaded files ...
Initializations complete.

Accepting connections on port 6666.
get_user_data: read on fd 932
System Error: get_user_data: read: 当文件已存在时，无法创建该文件。


执行时段错误：*F_SKILL: No such skill (0)

程式：feature/skill.c 第 31 行
物件: /obj/user#544
呼叫来自：feature/command.c 的 command_hook() 第 45 行，物件： obj/user#544 ("华硕")
呼叫来自：cmds/arch/call.c 的 main() 第 85 行，物件： cmds/arch/call
呼叫来自：feature/skill.c 的 set_skill() 第 31 行，物件： obj/user#544 ("华硕")

执行时段错误：*F_SKILL: No such skill (jingang-ironcloth)

程式：feature/skill.c 第 31 行
物件: /obj/user#544
呼叫来自：feature/command.c 的 command_hook() 第 45 行，物件： obj/user#544 ("华硕")
呼叫来自：cmds/arch/call.c 的 main() 第 85 行，物件： cmds/arch/call
呼叫来自：feature/skill.c 的 set_skill() 第 31 行，物件： obj/user#544 ("华硕")

执行时段错误：*F_SKILL: No such skill (jingang)

程式：feature/skill.c 第 31 行
物件: /obj/user#544
呼叫来自：feature/command.c 的 command_hook() 第 45 行，物件： obj/user#544 ("华硕")
呼叫来自：cmds/arch/call.c 的 main() 第 85 行，物件： cmds/arch/call
呼叫来自：feature/skill.c 的 set_skill() 第 31 行，物件： obj/user#544 ("华硕")

执行时段错误：*F_SKILL: No such skill (jin-ang)

程式：feature/skill.c 第 31 行
物件: /obj/user#544
呼叫来自：feature/command.c 的 command_hook() 第 45 行，物件： obj/user#544 ("华硕")
呼叫来自：cmds/arch/call.c 的 main() 第 85 行，物件： cmds/arch/call
呼叫来自：feature/skill.c 的 set_skill() 第 31 行，物件： obj/user#544 ("华硕")
get_user_data: read on fd 480
System Error: get_user_data: read: 当文件已存在时，无法创建该文件。

